e:\c+\par2cmdline-turbo\parpar\x64\release\hasher.pdb
e:\c+\par2cmdline-turbo\parpar\hasher\x64\release\md5-final.obj
e:\c+\par2cmdline-turbo\parpar\hasher\x64\release\crc_zeropad.obj
e:\c+\par2cmdline-turbo\parpar\hasher\x64\release\hasher_rvzbc.obj
e:\c+\par2cmdline-turbo\parpar\hasher\x64\release\hasher_sve2.obj
e:\c+\par2cmdline-turbo\parpar\hasher\x64\release\hasher_neoncrc.obj
e:\c+\par2cmdline-turbo\parpar\hasher\x64\release\hasher_neon.obj
e:\c+\par2cmdline-turbo\parpar\hasher\x64\release\hasher_armcrc.obj
e:\c+\par2cmdline-turbo\parpar\hasher\x64\release\hasher_clmul.obj
e:\c+\par2cmdline-turbo\parpar\hasher\x64\release\hasher_sse.obj
e:\c+\par2cmdline-turbo\parpar\hasher\x64\release\tables.obj
e:\c+\par2cmdline-turbo\parpar\hasher\x64\release\hasher_md5crc.obj
e:\c+\par2cmdline-turbo\parpar\hasher\x64\release\hasher_input.obj
e:\c+\par2cmdline-turbo\parpar\hasher\x64\release\hasher_scalar.obj
e:\c+\par2cmdline-turbo\parpar\hasher\x64\release\hasher.obj
e:\c+\par2cmdline-turbo\parpar\hasher\x64\release\hasher_bmi1.obj
e:\c+\par2cmdline-turbo\parpar\hasher\x64\release\hasher_xop.obj
e:\c+\par2cmdline-turbo\parpar\hasher\x64\release\hasher_avx2.obj
e:\c+\par2cmdline-turbo\parpar\hasher\x64\release\hasher_avx512vl.obj
e:\c+\par2cmdline-turbo\parpar\hasher\x64\release\hasher_avx512.obj
e:\c+\par2cmdline-turbo\parpar\x64\release\hasher.lib
e:\c+\par2cmdline-turbo\parpar\hasher\x64\release\hasher.tlog\cl.command.1.tlog
e:\c+\par2cmdline-turbo\parpar\hasher\x64\release\hasher.tlog\cl.items.tlog
e:\c+\par2cmdline-turbo\parpar\hasher\x64\release\hasher.tlog\cl.read.1.tlog
e:\c+\par2cmdline-turbo\parpar\hasher\x64\release\hasher.tlog\cl.write.1.tlog
e:\c+\par2cmdline-turbo\parpar\hasher\x64\release\hasher.tlog\lib-link.read.1.tlog
e:\c+\par2cmdline-turbo\parpar\hasher\x64\release\hasher.tlog\lib-link.write.1.tlog
e:\c+\par2cmdline-turbo\parpar\hasher\x64\release\hasher.tlog\lib.command.1.tlog
