e:\c+\par2cmdline-turbo\parpar\x64\release\gf16.pdb
e:\c+\par2cmdline-turbo\parpar\gf16\x64\release\controller_cpu.obj
e:\c+\par2cmdline-turbo\parpar\gf16\x64\release\controller.obj
e:\c+\par2cmdline-turbo\parpar\gf16\x64\release\gf16pmul.obj
e:\c+\par2cmdline-turbo\parpar\gf16\x64\release\gfmat_inv.obj
e:\c+\par2cmdline-turbo\parpar\gf16\x64\release\gf16mul.obj
e:\c+\par2cmdline-turbo\parpar\gf16\x64\release\gf_add_sve2.obj
e:\c+\par2cmdline-turbo\parpar\gf16\x64\release\gf_add_sve.obj
e:\c+\par2cmdline-turbo\parpar\gf16\x64\release\gf_add_neon.obj
e:\c+\par2cmdline-turbo\parpar\gf16\x64\release\gf_add_sse2.obj
e:\c+\par2cmdline-turbo\parpar\gf16\x64\release\gf16_xor_sse2.obj
e:\c+\par2cmdline-turbo\parpar\gf16\x64\release\gf16_shuffle_ssse3.obj
e:\c+\par2cmdline-turbo\parpar\gf16\x64\release\gf16_clmul_sve2.obj
e:\c+\par2cmdline-turbo\parpar\gf16\x64\release\gf16_clmul_sha3.obj
e:\c+\par2cmdline-turbo\parpar\gf16\x64\release\gf16_clmul_neon.obj
e:\c+\par2cmdline-turbo\parpar\gf16\x64\release\gf16_clmul_rvv.obj
e:\c+\par2cmdline-turbo\parpar\gf16\x64\release\gf16_shuffle128_rvv.obj
e:\c+\par2cmdline-turbo\parpar\gf16\x64\release\gf16_shuffle512_sve2.obj
e:\c+\par2cmdline-turbo\parpar\gf16\x64\release\gf16_shuffle2x128_sve2.obj
e:\c+\par2cmdline-turbo\parpar\gf16\x64\release\gf16_shuffle128_sve2.obj
e:\c+\par2cmdline-turbo\parpar\gf16\x64\release\gf16_shuffle128_sve.obj
e:\c+\par2cmdline-turbo\parpar\gf16\x64\release\gf16_shuffle_neon.obj
e:\c+\par2cmdline-turbo\parpar\gf16\x64\release\gf16_lookup_sse2.obj
e:\c+\par2cmdline-turbo\parpar\gf16\x64\release\gf16_lookup.obj
e:\c+\par2cmdline-turbo\parpar\gf16\x64\release\gf16_affine_gfni.obj
e:\c+\par2cmdline-turbo\parpar\gf16\x64\release\gfmat_coeff.obj
e:\c+\par2cmdline-turbo\parpar\gf16\x64\release\platform_warnings.obj
e:\c+\par2cmdline-turbo\parpar\gf16\x64\release\gf16pmul_rvv.obj
e:\c+\par2cmdline-turbo\parpar\gf16\x64\release\gf16pmul_sve2.obj
e:\c+\par2cmdline-turbo\parpar\gf16\x64\release\gf16pmul_neon.obj
e:\c+\par2cmdline-turbo\parpar\gf16\x64\release\gf16pmul_sse.obj
e:\c+\par2cmdline-turbo\parpar\gf16\x64\release\gf16_cksum_generic.obj
e:\c+\par2cmdline-turbo\parpar\gf16\x64\release\gf16_cksum_rvv.obj
e:\c+\par2cmdline-turbo\parpar\gf16\x64\release\gf16_cksum_sve.obj
e:\c+\par2cmdline-turbo\parpar\gf16\x64\release\gf16_cksum_neon.obj
e:\c+\par2cmdline-turbo\parpar\gf16\x64\release\gf16_cksum_sse2.obj
e:\c+\par2cmdline-turbo\parpar\gf16\x64\release\gf_add_generic.obj
e:\c+\par2cmdline-turbo\parpar\gf16\x64\release\gf_add_rvv.obj
e:\c+\par2cmdline-turbo\parpar\gf16\x64\release\gf16_cksum_avx512.obj
e:\c+\par2cmdline-turbo\parpar\gf16\x64\release\gf_add_avx512.obj
e:\c+\par2cmdline-turbo\parpar\gf16\x64\release\gf16_xor_avx512.obj
e:\c+\par2cmdline-turbo\parpar\gf16\x64\release\gf16_shuffle_vbmi.obj
e:\c+\par2cmdline-turbo\parpar\gf16\x64\release\gf16_shuffle_avx512.obj
e:\c+\par2cmdline-turbo\parpar\gf16\x64\release\gf16_affine_avx512.obj
e:\c+\par2cmdline-turbo\parpar\gf16\x64\release\gf16pmul_vpclgfni.obj
e:\c+\par2cmdline-turbo\parpar\gf16\x64\release\gf16pmul_vpclmul.obj
e:\c+\par2cmdline-turbo\parpar\gf16\x64\release\gf16pmul_avx2.obj
e:\c+\par2cmdline-turbo\parpar\gf16\x64\release\gf16_cksum_avx2.obj
e:\c+\par2cmdline-turbo\parpar\gf16\x64\release\gf_add_avx10.obj
e:\c+\par2cmdline-turbo\parpar\gf16\x64\release\gf_add_avx2.obj
e:\c+\par2cmdline-turbo\parpar\gf16\x64\release\gf16_xor_avx2.obj
e:\c+\par2cmdline-turbo\parpar\gf16\x64\release\gf16_shuffle_avx2.obj
e:\c+\par2cmdline-turbo\parpar\gf16\x64\release\gf16_affine_avx10.obj
e:\c+\par2cmdline-turbo\parpar\gf16\x64\release\gf16_affine_avx2.obj
e:\c+\par2cmdline-turbo\parpar\gf16\x64\release\gf16_shuffle_avx.obj
e:\c+\par2cmdline-turbo\parpar\x64\release\gf16.lib
e:\c+\par2cmdline-turbo\parpar\gf16\x64\release\xor_jit_stub_masm64.obj
e:\c+\par2cmdline-turbo\parpar\gf16\x64\release\gf16.tlog\cl.command.1.tlog
e:\c+\par2cmdline-turbo\parpar\gf16\x64\release\gf16.tlog\cl.items.tlog
e:\c+\par2cmdline-turbo\parpar\gf16\x64\release\gf16.tlog\cl.read.1.tlog
e:\c+\par2cmdline-turbo\parpar\gf16\x64\release\gf16.tlog\cl.write.1.tlog
e:\c+\par2cmdline-turbo\parpar\gf16\x64\release\gf16.tlog\lib-link.read.1.tlog
e:\c+\par2cmdline-turbo\parpar\gf16\x64\release\gf16.tlog\lib-link.write.1.tlog
e:\c+\par2cmdline-turbo\parpar\gf16\x64\release\gf16.tlog\lib.command.1.tlog
e:\c+\par2cmdline-turbo\parpar\gf16\x64\release\gf16.tlog\masm.read.1u.tlog
e:\c+\par2cmdline-turbo\parpar\gf16\x64\release\gf16.tlog\masm.write.1u.tlog
